<?xml version="1.0" encoding="UTF-8"?>
<testsuite name="IPLAnalyserTest" tests="1" skipped="0" failures="0" errors="0" timestamp="2020-08-30T06:50:39" hostname="DESKTOP-1HIDL2M" time="0.626">
  <properties/>
  <testcase name="givenIPLFactSheetMostWiketsFile_whenSortedOnBestWicketsWithAverage_shouldReturnSortedResult" classname="IPLAnalyserTest" time="0.626"/>
  <system-out><![CDATA[]]></system-out>
  <system-err><![CDATA[]]></system-err>
</testsuite>
