<?xml version="1.0" encoding="UTF-8"?>
<testsuite name="IPLAnalyserTest" tests="1" skipped="0" failures="0" errors="0" timestamp="2020-08-29T13:55:02" hostname="DESKTOP-1HIDL2M" time="0.04">
  <properties/>
  <testcase name="givenIPLFactSheetMostRunsDatafile_whenFileNotProper_shouldThrowCustomException" classname="IPLAnalyserTest" time="0.04"/>
  <system-out><![CDATA[]]></system-out>
  <system-err><![CDATA[]]></system-err>
</testsuite>
