<?xml version="1.0" encoding="UTF-8"?>
<testsuite name="IPLAnalyserTest" tests="1" skipped="0" failures="0" errors="0" timestamp="2020-08-29T13:25:24" hostname="DESKTOP-1HIDL2M" time="0.577">
  <properties/>
  <testcase name="givenIPLFactSheetMostRunsDatafile_whenNotProper_shouldReturnInCorrectRecordCount" classname="IPLAnalyserTest" time="0.577"/>
  <system-out><![CDATA[100
]]></system-out>
  <system-err><![CDATA[]]></system-err>
</testsuite>
